{
  "stats": {
    "suites": 1,
    "tests": 6,
    "passes": 5,
    "pending": 0,
    "failures": 1,
    "start": "2019-08-11T19:04:02.134Z",
    "end": "2019-08-11T19:04:10.712Z",
    "duration": 8578,
    "testsRegistered": 6,
    "passPercent": 83.33333333333334,
    "pendingPercent": 0,
    "other": 0,
    "hasOther": false,
    "skipped": 0,
    "hasSkipped": false
  },
  "results": [
    {
      "uuid": "476ed2d1-eb31-4d87-9ae9-de2053de4ab7",
      "title": "",
      "fullFile": "",
      "file": "",
      "beforeHooks": [],
      "afterHooks": [],
      "tests": [],
      "suites": [
        {
          "uuid": "8e903a43-e0b7-4157-9956-b0dde9d10a40",
          "title": "Filtering functionality",
          "fullFile": "",
          "file": "",
          "beforeHooks": [],
          "afterHooks": [],
          "tests": [
            {
              "title": "filter by full name should works correctly",
              "fullTitle": "Filtering functionality filter by full name should works correctly",
              "timedOut": null,
              "duration": 5284,
              "state": "failed",
              "speed": null,
              "pass": false,
              "fail": true,
              "pending": false,
              "context": null,
              "code": "_CrewPage.default.crewCard.name.then(function ($el) {\n  var searchName = $el[$el.length - 1].innerText;\n  _CrewPage.default.filters.useFilter({\n    name: searchName\n  });\n  _CrewPage.default.crewCard.name.each(function (name) {\n    expect(name.text()).to.eq(searchName);\n  });\n});",
              "err": {
                "message": "CypressError: Timed out retrying: Expected to find element: '[data-test=\"crew-card-container\"]', but never found it.",
                "estack": "CypressError: Timed out retrying: Expected to find element: '[data-test=\"crew-card-container\"]', but never found it.\n    at Object.cypressErr (http://localhost:3000/__cypress/runner/cypress_runner.js:85348:11)\n    at Object.throwErr (http://localhost:3000/__cypress/runner/cypress_runner.js:85303:18)\n    at Object.throwErrByPath (http://localhost:3000/__cypress/runner/cypress_runner.js:85335:17)\n    at retry (http://localhost:3000/__cypress/runner/cypress_runner.js:77321:16)\n    at onFailFn (http://localhost:3000/__cypress/runner/cypress_runner.js:68422:16)\n    at tryCatcher (http://localhost:3000/__cypress/runner/cypress_runner.js:118962:23)\n    at Promise._settlePromiseFromHandler (http://localhost:3000/__cypress/runner/cypress_runner.js:116898:31)\n    at Promise._settlePromise (http://localhost:3000/__cypress/runner/cypress_runner.js:116955:18)\n    at Promise._settlePromise0 (http://localhost:3000/__cypress/runner/cypress_runner.js:117000:10)\n    at Promise._settlePromises (http://localhost:3000/__cypress/runner/cypress_runner.js:117075:18)\n    at Async../node_modules/bluebird/js/release/async.js.Async._drainQueue (http://localhost:3000/__cypress/runner/cypress_runner.js:113687:16)\n    at Async../node_modules/bluebird/js/release/async.js.Async._drainQueues (http://localhost:3000/__cypress/runner/cypress_runner.js:113697:10)\n    at Async.drainQueues (http://localhost:3000/__cypress/runner/cypress_runner.js:113571:14)",
                "diff": null
              },
              "uuid": "2853ffb5-ed27-4e16-83c3-62174e7eb55d",
              "parentUUID": "8e903a43-e0b7-4157-9956-b0dde9d10a40",
              "isHook": false,
              "skipped": false
            },
            {
              "title": "filter by partial name text should works correctly",
              "fullTitle": "Filtering functionality filter by partial name text should works correctly",
              "timedOut": null,
              "duration": 1021,
              "state": "passed",
              "speed": "slow",
              "pass": true,
              "fail": false,
              "pending": false,
              "context": null,
              "code": "_CrewPage.default.crewCard.name.then(function ($el) {\n  var searchName = $el[$el.length - 1].innerText;\n  var nameParts = searchName.split(' ');\n  nameParts.forEach(function (partText) {\n    _CrewPage.default.filters.useFilter({\n      name: partText\n    });\n    _CrewPage.default.crewCard.name.each(function (name) {\n      expect(name.text()).to.contain(partText);\n    });\n    _CrewPage.default.filters.nameInput.clear();\n  });\n});",
              "err": {},
              "uuid": "273592e6-f0a4-4878-987b-60221c4c680a",
              "parentUUID": "8e903a43-e0b7-4157-9956-b0dde9d10a40",
              "isHook": false,
              "skipped": false
            },
            {
              "title": "filter by city should works correctly",
              "fullTitle": "Filtering functionality filter by city should works correctly",
              "timedOut": null,
              "duration": 447,
              "state": "passed",
              "speed": "slow",
              "pass": true,
              "fail": false,
              "pending": false,
              "context": null,
              "code": "_CrewPage.default.crewCard.city.then(function ($el) {\n  var searchCity = $el[$el.length - 1].innerText;\n  _CrewPage.default.filters.useFilter({\n    city: searchCity\n  });\n  _CrewPage.default.crewCard.city.each(function (name) {\n    expect(name.text()).to.eq(searchCity);\n  });\n});",
              "err": {},
              "uuid": "c905e616-6840-4df2-ac1e-c67aea8ed159",
              "parentUUID": "8e903a43-e0b7-4157-9956-b0dde9d10a40",
              "isHook": false,
              "skipped": false
            },
            {
              "title": "filter by partial city text should works correctly",
              "fullTitle": "Filtering functionality filter by partial city text should works correctly",
              "timedOut": null,
              "duration": 609,
              "state": "passed",
              "speed": "slow",
              "pass": true,
              "fail": false,
              "pending": false,
              "context": null,
              "code": "_CrewPage.default.crewCard.city.then(function ($el) {\n  var searchCity = $el[$el.length - 1].innerText;\n  var nameParts = searchCity.split(' ');\n  nameParts.forEach(function (partText) {\n    _CrewPage.default.filters.useFilter({\n      city: partText\n    });\n    _CrewPage.default.crewCard.city.each(function (name) {\n      expect(name.text()).to.contain(partText);\n    });\n    _CrewPage.default.filters.cityInput.clear();\n  });\n});",
              "err": {},
              "uuid": "f2c7fc43-7b7c-4da4-a354-c268debca9e4",
              "parentUUID": "8e903a43-e0b7-4157-9956-b0dde9d10a40",
              "isHook": false,
              "skipped": false
            },
            {
              "title": "filter by partial text for city and name should works correctly",
              "fullTitle": "Filtering functionality filter by partial text for city and name should works correctly",
              "timedOut": null,
              "duration": 564,
              "state": "passed",
              "speed": "slow",
              "pass": true,
              "fail": false,
              "pending": false,
              "context": null,
              "code": "_CrewPage.default.crewCard.name.then(function ($name) {\n  var searchName = $name[$name.length - 1].innerText.substring(0, 3);\n  _CrewPage.default.crewCard.city.then(function ($city) {\n    var searchCity = $city[$city.length - 1].innerText.substring(0, 3);\n    _CrewPage.default.filters.useFilter({\n      name: searchName,\n      city: searchCity\n    });\n    _CrewPage.default.crewCard.name.each(function (name) {\n      expect(name.text()).to.contain(searchName);\n    });\n    _CrewPage.default.crewCard.city.each(function (city) {\n      expect(city.text()).to.contain(searchCity);\n    });\n  });\n});",
              "err": {},
              "uuid": "80a68df2-f1cd-4c2f-b2e5-ae1b60f96c0a",
              "parentUUID": "8e903a43-e0b7-4157-9956-b0dde9d10a40",
              "isHook": false,
              "skipped": false
            },
            {
              "title": "clear button return all cards into column",
              "fullTitle": "Filtering functionality clear button return all cards into column",
              "timedOut": null,
              "duration": 592,
              "state": "passed",
              "speed": "slow",
              "pass": true,
              "fail": false,
              "pending": false,
              "context": null,
              "code": "_CrewPage.default.crewCard.container.then(function (cards) {\n  var defaultLength = cards.length;\n  _CrewPage.default.filters.useFilter({\n    name: '$%@#$@#$@#$@#'\n  });\n  _CrewPage.default.crewCard.container.should('not.exist');\n  _CrewPage.default.filters.clear();\n  _CrewPage.default.crewCard.container.should('have.length', defaultLength);\n});",
              "err": {},
              "uuid": "92194bee-8e94-4d94-af1c-8a2c168a4090",
              "parentUUID": "8e903a43-e0b7-4157-9956-b0dde9d10a40",
              "isHook": false,
              "skipped": false
            }
          ],
          "suites": [],
          "passes": [
            "273592e6-f0a4-4878-987b-60221c4c680a",
            "c905e616-6840-4df2-ac1e-c67aea8ed159",
            "f2c7fc43-7b7c-4da4-a354-c268debca9e4",
            "80a68df2-f1cd-4c2f-b2e5-ae1b60f96c0a",
            "92194bee-8e94-4d94-af1c-8a2c168a4090"
          ],
          "failures": [
            "2853ffb5-ed27-4e16-83c3-62174e7eb55d"
          ],
          "pending": [],
          "skipped": [],
          "duration": 8517,
          "root": false,
          "rootEmpty": false,
          "_timeout": 2000
        }
      ],
      "passes": [],
      "failures": [],
      "pending": [],
      "skipped": [],
      "duration": 0,
      "root": true,
      "rootEmpty": true,
      "_timeout": 2000
    }
  ],
  "meta": {
    "mocha": {
      "version": "5.2.0"
    },
    "mochawesome": {
      "options": {
        "quiet": false,
        "reportFilename": "mochawesome",
        "saveHtml": false,
        "saveJson": true,
        "consoleReporter": "spec",
        "useInlineDiffs": false
      },
      "version": "4.1.0"
    },
    "marge": {
      "options": {
        "reportDir": "cypress/mochawesome-report",
        "overwrite": false,
        "html": false,
        "json": true
      },
      "version": "4.0.1"
    }
  }
}