{
  "stats": {
    "suites": 1,
    "tests": 5,
    "passes": 5,
    "pending": 0,
    "failures": 0,
    "start": "2019-08-11T19:00:08.190Z",
    "end": "2019-08-11T19:00:12.068Z",
    "duration": 3878,
    "testsRegistered": 5,
    "passPercent": 100,
    "pendingPercent": 0,
    "other": 0,
    "hasOther": false,
    "skipped": 0,
    "hasSkipped": false
  },
  "results": [
    {
      "uuid": "965b6570-fdc4-4f9c-865a-04c1867e019c",
      "title": "",
      "fullFile": "",
      "file": "",
      "beforeHooks": [],
      "afterHooks": [],
      "tests": [],
      "suites": [
        {
          "uuid": "0d0e56eb-f8e3-49ef-88bc-6c9eaf7a8717",
          "title": "Cards toolbar",
          "fullFile": "",
          "file": "",
          "beforeHooks": [],
          "afterHooks": [],
          "tests": [
            {
              "title": "applied column should have cards without left arrow",
              "fullTitle": "Cards toolbar applied column should have cards without left arrow",
              "timedOut": null,
              "duration": 829,
              "state": "passed",
              "speed": "slow",
              "pass": true,
              "fail": false,
              "pending": false,
              "context": null,
              "code": "_CrewPage.default.moveAllCardsToColumn('applied');\n_CrewPage.default.appliedColumn.crewCard.leftArrow.should('not.exist');\n_CrewPage.default.appliedColumn.crewCard.container.then(function ($el) {\n  var cardsLength = $el.length;\n  _CrewPage.default.appliedColumn.crewCard.rightArrow.should('have.length', cardsLength);\n});",
              "err": {},
              "uuid": "14eda4cf-4d66-4022-94f6-9e4f0b0fbf21",
              "parentUUID": "0d0e56eb-f8e3-49ef-88bc-6c9eaf7a8717",
              "isHook": false,
              "skipped": false
            },
            {
              "title": "interviewing column should have cards with both left and right arrows",
              "fullTitle": "Cards toolbar interviewing column should have cards with both left and right arrows",
              "timedOut": null,
              "duration": 648,
              "state": "passed",
              "speed": "slow",
              "pass": true,
              "fail": false,
              "pending": false,
              "context": null,
              "code": "_CrewPage.default.moveAllCardsToColumn('interviewing');\n_CrewPage.default.interviewingColumn.crewCard.container.then(function ($el) {\n  var cardsLength = $el.length;\n  _CrewPage.default.interviewingColumn.crewCard.rightArrow.should('have.length', cardsLength);\n  _CrewPage.default.interviewingColumn.crewCard.leftArrow.should('have.length', cardsLength);\n});",
              "err": {},
              "uuid": "d21f3cd5-43b9-4bf5-acf3-b17f195ba09c",
              "parentUUID": "0d0e56eb-f8e3-49ef-88bc-6c9eaf7a8717",
              "isHook": false,
              "skipped": false
            },
            {
              "title": "hired column should have cards without right arrow",
              "fullTitle": "Cards toolbar hired column should have cards without right arrow",
              "timedOut": null,
              "duration": 857,
              "state": "passed",
              "speed": "slow",
              "pass": true,
              "fail": false,
              "pending": false,
              "context": null,
              "code": "_CrewPage.default.moveAllCardsToColumn('hired');\n_CrewPage.default.hiredColumn.crewCard.rightArrow.should('not.exist');\n_CrewPage.default.hiredColumn.crewCard.container.then(function ($el) {\n  var cardsLength = $el.length;\n  _CrewPage.default.hiredColumn.crewCard.leftArrow.should('have.length', cardsLength);\n});",
              "err": {},
              "uuid": "c9939195-d30d-4e1a-9eab-b1decddc8639",
              "parentUUID": "0d0e56eb-f8e3-49ef-88bc-6c9eaf7a8717",
              "isHook": false,
              "skipped": false
            },
            {
              "title": "right arrow should move card into correct column",
              "fullTitle": "Cards toolbar right arrow should move card into correct column",
              "timedOut": null,
              "duration": 499,
              "state": "passed",
              "speed": "slow",
              "pass": true,
              "fail": false,
              "pending": false,
              "context": null,
              "code": "_CrewPage.default.moveAllCardsToColumn('applied');\n_CrewPage.default.appliedColumn.crewCard.rightArrow.first().click();\n_CrewPage.default.interviewingColumn.crewCard.container.should('have.length', 1);\n_CrewPage.default.interviewingColumn.crewCard.rightArrow.first().click();\n_CrewPage.default.hiredColumn.crewCard.container.should('have.length', 1);",
              "err": {},
              "uuid": "db3e8b88-55a6-468c-8235-b7da6f1ebeaf",
              "parentUUID": "0d0e56eb-f8e3-49ef-88bc-6c9eaf7a8717",
              "isHook": false,
              "skipped": false
            },
            {
              "title": "left arrow should move card into correct column",
              "fullTitle": "Cards toolbar left arrow should move card into correct column",
              "timedOut": null,
              "duration": 991,
              "state": "passed",
              "speed": "slow",
              "pass": true,
              "fail": false,
              "pending": false,
              "context": null,
              "code": "_CrewPage.default.moveAllCardsToColumn('hired');\n_CrewPage.default.hiredColumn.crewCard.leftArrow.first().click();\n_CrewPage.default.interviewingColumn.crewCard.container.should('have.length', 1);\n_CrewPage.default.interviewingColumn.crewCard.leftArrow.first().click();\n_CrewPage.default.appliedColumn.crewCard.container.should('have.length', 1);",
              "err": {},
              "uuid": "af1cb56c-f201-40f6-b95f-f29cfefd1d54",
              "parentUUID": "0d0e56eb-f8e3-49ef-88bc-6c9eaf7a8717",
              "isHook": false,
              "skipped": false
            }
          ],
          "suites": [],
          "passes": [
            "14eda4cf-4d66-4022-94f6-9e4f0b0fbf21",
            "d21f3cd5-43b9-4bf5-acf3-b17f195ba09c",
            "c9939195-d30d-4e1a-9eab-b1decddc8639",
            "db3e8b88-55a6-468c-8235-b7da6f1ebeaf",
            "af1cb56c-f201-40f6-b95f-f29cfefd1d54"
          ],
          "failures": [],
          "pending": [],
          "skipped": [],
          "duration": 3824,
          "root": false,
          "rootEmpty": false,
          "_timeout": 2000
        }
      ],
      "passes": [],
      "failures": [],
      "pending": [],
      "skipped": [],
      "duration": 0,
      "root": true,
      "rootEmpty": true,
      "_timeout": 2000
    }
  ],
  "meta": {
    "mocha": {
      "version": "5.2.0"
    },
    "mochawesome": {
      "options": {
        "quiet": false,
        "reportFilename": "mochawesome",
        "saveHtml": false,
        "saveJson": true,
        "consoleReporter": "spec",
        "useInlineDiffs": false
      },
      "version": "4.1.0"
    },
    "marge": {
      "options": {
        "reportDir": "cypress/mochawesome-report",
        "overwrite": false,
        "html": false,
        "json": true
      },
      "version": "4.0.1"
    }
  }
}