{
  "stats": {
    "suites": 1,
    "tests": 4,
    "passes": 4,
    "pending": 0,
    "failures": 0,
    "start": "2019-08-11T19:04:12.727Z",
    "end": "2019-08-11T19:04:15.335Z",
    "duration": 2608,
    "testsRegistered": 4,
    "passPercent": 100,
    "pendingPercent": 0,
    "other": 0,
    "hasOther": false,
    "skipped": 0,
    "hasSkipped": false
  },
  "results": [
    {
      "uuid": "530499d4-f4a9-47b2-93b6-fc2eefa93287",
      "title": "",
      "fullFile": "",
      "file": "",
      "beforeHooks": [],
      "afterHooks": [],
      "tests": [],
      "suites": [
        {
          "uuid": "4c87c0a9-bade-477c-a1fc-15f046682df1",
          "title": "Crew page",
          "fullFile": "",
          "file": "",
          "beforeHooks": [],
          "afterHooks": [],
          "tests": [
            {
              "title": "header component should be present and has required logo and title",
              "fullTitle": "Crew page header component should be present and has required logo and title",
              "timedOut": null,
              "duration": 1247,
              "state": "passed",
              "speed": "slow",
              "pass": true,
              "fail": false,
              "pending": false,
              "context": null,
              "code": "_CrewPage.default.header.container.should('be.visible');\n_CrewPage.default.header.title.should('have.text', 'OpenOceanStudio: Crew Applications');\n_CrewPage.default.header.container.matchImageSnapshot('header');",
              "err": {},
              "uuid": "65db9076-3f18-4892-ac45-cb293bc69547",
              "parentUUID": "4c87c0a9-bade-477c-a1fc-15f046682df1",
              "isHook": false,
              "skipped": false
            },
            {
              "title": "columns should have required title",
              "fullTitle": "Crew page columns should have required title",
              "timedOut": null,
              "duration": 198,
              "state": "passed",
              "speed": "slow",
              "pass": true,
              "fail": false,
              "pending": false,
              "context": null,
              "code": "_CrewPage.default.appliedColumn.title.should('have.text', 'Applied');\n_CrewPage.default.interviewingColumn.title.should('have.text', 'Interviewing');\n_CrewPage.default.hiredColumn.title.should('have.text', 'Hired');",
              "err": {},
              "uuid": "3008e2e8-cc4f-4f03-8ae2-fa581d775262",
              "parentUUID": "4c87c0a9-bade-477c-a1fc-15f046682df1",
              "isHook": false,
              "skipped": false
            },
            {
              "title": "crew member cards should be present on the page and have all required elements",
              "fullTitle": "Crew page crew member cards should be present on the page and have all required elements",
              "timedOut": null,
              "duration": 238,
              "state": "passed",
              "speed": "slow",
              "pass": true,
              "fail": false,
              "pending": false,
              "context": null,
              "code": "_CrewPage.default.crewCard.container.should('have.length.greaterThan', 0).then(function ($el) {\n  var cardsLength = $el.length;\n  var cards = _CrewPage.default.crewCard;\n  cards.photo.should('have.length', cardsLength);\n  cards.name.should('have.length', cardsLength);\n  cards.city.should('have.length', cardsLength);\n  cards.toolBar.should('have.length', cardsLength);\n});",
              "err": {},
              "uuid": "4be69a7e-36fb-4ac1-88ba-79e1a60e2e76",
              "parentUUID": "4c87c0a9-bade-477c-a1fc-15f046682df1",
              "isHook": false,
              "skipped": false
            },
            {
              "title": "filters component should have required elements",
              "fullTitle": "Crew page filters component should have required elements",
              "timedOut": null,
              "duration": 860,
              "state": "passed",
              "speed": "slow",
              "pass": true,
              "fail": false,
              "pending": false,
              "context": null,
              "code": "_CrewPage.default.crewCard.container.then(function ($el) {\n  var cardsLength = $el.length;\n  _CrewPage.default.filters.container.should('be.visible');\n  _CrewPage.default.filters.nameInput.type('Test name').should('have.value', 'Test name');\n  _CrewPage.default.filters.cityInput.type('Test city').should('have.value', 'Test city');\n  _CrewPage.default.filters.submit();\n  _CrewPage.default.crewCard.container.should('have.length.lessThan', cardsLength);\n  _CrewPage.default.filters.clear();\n  _CrewPage.default.crewCard.container.should('have.length', cardsLength);\n});",
              "err": {},
              "uuid": "e3ae5278-c006-46ec-8a6c-6747b445ff92",
              "parentUUID": "4c87c0a9-bade-477c-a1fc-15f046682df1",
              "isHook": false,
              "skipped": false
            }
          ],
          "suites": [],
          "passes": [
            "65db9076-3f18-4892-ac45-cb293bc69547",
            "3008e2e8-cc4f-4f03-8ae2-fa581d775262",
            "4be69a7e-36fb-4ac1-88ba-79e1a60e2e76",
            "e3ae5278-c006-46ec-8a6c-6747b445ff92"
          ],
          "failures": [],
          "pending": [],
          "skipped": [],
          "duration": 2543,
          "root": false,
          "rootEmpty": false,
          "_timeout": 2000
        }
      ],
      "passes": [],
      "failures": [],
      "pending": [],
      "skipped": [],
      "duration": 0,
      "root": true,
      "rootEmpty": true,
      "_timeout": 2000
    }
  ],
  "meta": {
    "mocha": {
      "version": "5.2.0"
    },
    "mochawesome": {
      "options": {
        "quiet": false,
        "reportFilename": "mochawesome",
        "saveHtml": false,
        "saveJson": true,
        "consoleReporter": "spec",
        "useInlineDiffs": false
      },
      "version": "4.1.0"
    },
    "marge": {
      "options": {
        "reportDir": "cypress/mochawesome-report",
        "overwrite": false,
        "html": false,
        "json": true
      },
      "version": "4.0.1"
    }
  }
}