{
  "stats": {
    "suites": 1,
    "tests": 6,
    "passes": 5,
    "pending": 0,
    "failures": 1,
    "start": "2019-08-11T19:00:14.549Z",
    "end": "2019-08-11T19:00:23.199Z",
    "duration": 8650,
    "testsRegistered": 6,
    "passPercent": 83.33333333333334,
    "pendingPercent": 0,
    "other": 0,
    "hasOther": false,
    "skipped": 0,
    "hasSkipped": false
  },
  "results": [
    {
      "uuid": "1f65a81a-7d0b-42ac-934a-ea39e27002d2",
      "title": "",
      "fullFile": "",
      "file": "",
      "beforeHooks": [],
      "afterHooks": [],
      "tests": [],
      "suites": [
        {
          "uuid": "ed96e7f5-7891-4e56-94ea-f4cbf9fc2e78",
          "title": "Filtering functionality",
          "fullFile": "",
          "file": "",
          "beforeHooks": [],
          "afterHooks": [],
          "tests": [
            {
              "title": "filter by full name should works correctly",
              "fullTitle": "Filtering functionality filter by full name should works correctly",
              "timedOut": null,
              "duration": 5252,
              "state": "failed",
              "speed": null,
              "pass": false,
              "fail": true,
              "pending": false,
              "context": null,
              "code": "_CrewPage.default.crewCard.name.then(function ($el) {\n  var searchName = $el[$el.length - 1].innerText;\n  _CrewPage.default.filters.useFilter({\n    name: searchName\n  });\n  _CrewPage.default.crewCard.name.each(function (name) {\n    expect(name.text()).to.eq(searchName);\n  });\n});",
              "err": {
                "message": "CypressError: Timed out retrying: Expected to find element: '[data-test=\"crew-card-container\"]', but never found it.",
                "estack": "CypressError: Timed out retrying: Expected to find element: '[data-test=\"crew-card-container\"]', but never found it.\n    at Object.cypressErr (http://localhost:3000/__cypress/runner/cypress_runner.js:85348:11)\n    at Object.throwErr (http://localhost:3000/__cypress/runner/cypress_runner.js:85303:18)\n    at Object.throwErrByPath (http://localhost:3000/__cypress/runner/cypress_runner.js:85335:17)\n    at retry (http://localhost:3000/__cypress/runner/cypress_runner.js:77321:16)\n    at onFailFn (http://localhost:3000/__cypress/runner/cypress_runner.js:68422:16)\n    at tryCatcher (http://localhost:3000/__cypress/runner/cypress_runner.js:118962:23)\n    at Promise._settlePromiseFromHandler (http://localhost:3000/__cypress/runner/cypress_runner.js:116898:31)\n    at Promise._settlePromise (http://localhost:3000/__cypress/runner/cypress_runner.js:116955:18)\n    at Promise._settlePromise0 (http://localhost:3000/__cypress/runner/cypress_runner.js:117000:10)\n    at Promise._settlePromises (http://localhost:3000/__cypress/runner/cypress_runner.js:117075:18)\n    at Async../node_modules/bluebird/js/release/async.js.Async._drainQueue (http://localhost:3000/__cypress/runner/cypress_runner.js:113687:16)\n    at Async../node_modules/bluebird/js/release/async.js.Async._drainQueues (http://localhost:3000/__cypress/runner/cypress_runner.js:113697:10)\n    at Async.drainQueues (http://localhost:3000/__cypress/runner/cypress_runner.js:113571:14)",
                "diff": null
              },
              "uuid": "8c7273cc-59ea-4067-a7d9-622a919c5d14",
              "parentUUID": "ed96e7f5-7891-4e56-94ea-f4cbf9fc2e78",
              "isHook": false,
              "skipped": false
            },
            {
              "title": "filter by partial name text should works correctly",
              "fullTitle": "Filtering functionality filter by partial name text should works correctly",
              "timedOut": null,
              "duration": 1056,
              "state": "passed",
              "speed": "slow",
              "pass": true,
              "fail": false,
              "pending": false,
              "context": null,
              "code": "_CrewPage.default.crewCard.name.then(function ($el) {\n  var searchName = $el[$el.length - 1].innerText;\n  var nameParts = searchName.split(' ');\n  nameParts.forEach(function (partText) {\n    _CrewPage.default.filters.useFilter({\n      name: partText\n    });\n    _CrewPage.default.crewCard.name.each(function (name) {\n      expect(name.text()).to.contain(partText);\n    });\n    _CrewPage.default.filters.nameInput.clear();\n  });\n});",
              "err": {},
              "uuid": "2fb8b5bf-657a-4988-955e-05fe855b18ac",
              "parentUUID": "ed96e7f5-7891-4e56-94ea-f4cbf9fc2e78",
              "isHook": false,
              "skipped": false
            },
            {
              "title": "filter by city should works correctly",
              "fullTitle": "Filtering functionality filter by city should works correctly",
              "timedOut": null,
              "duration": 470,
              "state": "passed",
              "speed": "slow",
              "pass": true,
              "fail": false,
              "pending": false,
              "context": null,
              "code": "_CrewPage.default.crewCard.city.then(function ($el) {\n  var searchCity = $el[$el.length - 1].innerText;\n  _CrewPage.default.filters.useFilter({\n    city: searchCity\n  });\n  _CrewPage.default.crewCard.city.each(function (name) {\n    expect(name.text()).to.eq(searchCity);\n  });\n});",
              "err": {},
              "uuid": "4db8401a-4747-45c0-9487-363ee8001653",
              "parentUUID": "ed96e7f5-7891-4e56-94ea-f4cbf9fc2e78",
              "isHook": false,
              "skipped": false
            },
            {
              "title": "filter by partial city text should works correctly",
              "fullTitle": "Filtering functionality filter by partial city text should works correctly",
              "timedOut": null,
              "duration": 629,
              "state": "passed",
              "speed": "slow",
              "pass": true,
              "fail": false,
              "pending": false,
              "context": null,
              "code": "_CrewPage.default.crewCard.city.then(function ($el) {\n  var searchCity = $el[$el.length - 1].innerText;\n  var nameParts = searchCity.split(' ');\n  nameParts.forEach(function (partText) {\n    _CrewPage.default.filters.useFilter({\n      city: partText\n    });\n    _CrewPage.default.crewCard.city.each(function (name) {\n      expect(name.text()).to.contain(partText);\n    });\n    _CrewPage.default.filters.cityInput.clear();\n  });\n});",
              "err": {},
              "uuid": "715cfcbc-ed9c-4362-a4a7-0fc93c01f78e",
              "parentUUID": "ed96e7f5-7891-4e56-94ea-f4cbf9fc2e78",
              "isHook": false,
              "skipped": false
            },
            {
              "title": "filter by partial text for city and name should works correctly",
              "fullTitle": "Filtering functionality filter by partial text for city and name should works correctly",
              "timedOut": null,
              "duration": 583,
              "state": "passed",
              "speed": "slow",
              "pass": true,
              "fail": false,
              "pending": false,
              "context": null,
              "code": "_CrewPage.default.crewCard.name.then(function ($name) {\n  var searchName = $name[$name.length - 1].innerText.substring(0, 3);\n  _CrewPage.default.crewCard.city.then(function ($city) {\n    var searchCity = $city[$city.length - 1].innerText.substring(0, 3);\n    _CrewPage.default.filters.useFilter({\n      name: searchName,\n      city: searchCity\n    });\n    _CrewPage.default.crewCard.name.each(function (name) {\n      expect(name.text()).to.contain(searchName);\n    });\n    _CrewPage.default.crewCard.city.each(function (city) {\n      expect(city.text()).to.contain(searchCity);\n    });\n  });\n});",
              "err": {},
              "uuid": "24de3850-af5b-48cf-9536-0fe8a8c831e7",
              "parentUUID": "ed96e7f5-7891-4e56-94ea-f4cbf9fc2e78",
              "isHook": false,
              "skipped": false
            },
            {
              "title": "clear button return all cards into column",
              "fullTitle": "Filtering functionality clear button return all cards into column",
              "timedOut": null,
              "duration": 609,
              "state": "passed",
              "speed": "slow",
              "pass": true,
              "fail": false,
              "pending": false,
              "context": null,
              "code": "_CrewPage.default.crewCard.container.then(function (cards) {\n  var defaultLength = cards.length;\n  _CrewPage.default.filters.useFilter({\n    name: '$%@#$@#$@#$@#'\n  });\n  _CrewPage.default.crewCard.container.should('not.exist');\n  _CrewPage.default.filters.clear();\n  _CrewPage.default.crewCard.container.should('have.length', defaultLength);\n});",
              "err": {},
              "uuid": "30e7ead6-54d5-4719-b758-d95c4ced62c1",
              "parentUUID": "ed96e7f5-7891-4e56-94ea-f4cbf9fc2e78",
              "isHook": false,
              "skipped": false
            }
          ],
          "suites": [],
          "passes": [
            "2fb8b5bf-657a-4988-955e-05fe855b18ac",
            "4db8401a-4747-45c0-9487-363ee8001653",
            "715cfcbc-ed9c-4362-a4a7-0fc93c01f78e",
            "24de3850-af5b-48cf-9536-0fe8a8c831e7",
            "30e7ead6-54d5-4719-b758-d95c4ced62c1"
          ],
          "failures": [
            "8c7273cc-59ea-4067-a7d9-622a919c5d14"
          ],
          "pending": [],
          "skipped": [],
          "duration": 8599,
          "root": false,
          "rootEmpty": false,
          "_timeout": 2000
        }
      ],
      "passes": [],
      "failures": [],
      "pending": [],
      "skipped": [],
      "duration": 0,
      "root": true,
      "rootEmpty": true,
      "_timeout": 2000
    }
  ],
  "meta": {
    "mocha": {
      "version": "5.2.0"
    },
    "mochawesome": {
      "options": {
        "quiet": false,
        "reportFilename": "mochawesome",
        "saveHtml": false,
        "saveJson": true,
        "consoleReporter": "spec",
        "useInlineDiffs": false
      },
      "version": "4.1.0"
    },
    "marge": {
      "options": {
        "reportDir": "cypress/mochawesome-report",
        "overwrite": false,
        "html": false,
        "json": true
      },
      "version": "4.0.1"
    }
  }
}