{
  "stats": {
    "suites": 1,
    "tests": 4,
    "passes": 4,
    "pending": 0,
    "failures": 0,
    "start": "2019-08-11T19:00:25.496Z",
    "end": "2019-08-11T19:00:28.026Z",
    "duration": 2530,
    "testsRegistered": 4,
    "passPercent": 100,
    "pendingPercent": 0,
    "other": 0,
    "hasOther": false,
    "skipped": 0,
    "hasSkipped": false
  },
  "results": [
    {
      "uuid": "b0339b0a-7010-4129-8a49-341832d3cfa7",
      "title": "",
      "fullFile": "",
      "file": "",
      "beforeHooks": [],
      "afterHooks": [],
      "tests": [],
      "suites": [
        {
          "uuid": "81c372be-46cd-4db9-8f51-c35ec586afea",
          "title": "Crew page",
          "fullFile": "",
          "file": "",
          "beforeHooks": [],
          "afterHooks": [],
          "tests": [
            {
              "title": "header component should be present and has required logo and title",
              "fullTitle": "Crew page header component should be present and has required logo and title",
              "timedOut": null,
              "duration": 1242,
              "state": "passed",
              "speed": "slow",
              "pass": true,
              "fail": false,
              "pending": false,
              "context": null,
              "code": "_CrewPage.default.header.container.should('be.visible');\n_CrewPage.default.header.title.should('have.text', 'OpenOceanStudio: Crew Applications');\n_CrewPage.default.header.container.matchImageSnapshot('header');",
              "err": {},
              "uuid": "eee75034-6840-47ed-b23d-3e93b16e3438",
              "parentUUID": "81c372be-46cd-4db9-8f51-c35ec586afea",
              "isHook": false,
              "skipped": false
            },
            {
              "title": "columns should have required title",
              "fullTitle": "Crew page columns should have required title",
              "timedOut": null,
              "duration": 155,
              "state": "passed",
              "speed": "slow",
              "pass": true,
              "fail": false,
              "pending": false,
              "context": null,
              "code": "_CrewPage.default.appliedColumn.title.should('have.text', 'Applied');\n_CrewPage.default.interviewingColumn.title.should('have.text', 'Interviewing');\n_CrewPage.default.hiredColumn.title.should('have.text', 'Hired');",
              "err": {},
              "uuid": "7f8642c2-a8ef-4e92-896a-12dff5f94b70",
              "parentUUID": "81c372be-46cd-4db9-8f51-c35ec586afea",
              "isHook": false,
              "skipped": false
            },
            {
              "title": "crew member cards should be present on the page and have all required elements",
              "fullTitle": "Crew page crew member cards should be present on the page and have all required elements",
              "timedOut": null,
              "duration": 230,
              "state": "passed",
              "speed": "slow",
              "pass": true,
              "fail": false,
              "pending": false,
              "context": null,
              "code": "_CrewPage.default.crewCard.container.should('have.length.greaterThan', 0).then(function ($el) {\n  var cardsLength = $el.length;\n  var cards = _CrewPage.default.crewCard;\n  cards.photo.should('have.length', cardsLength);\n  cards.name.should('have.length', cardsLength);\n  cards.city.should('have.length', cardsLength);\n  cards.toolBar.should('have.length', cardsLength);\n});",
              "err": {},
              "uuid": "e0086f56-354d-4817-8eec-6eef3064493d",
              "parentUUID": "81c372be-46cd-4db9-8f51-c35ec586afea",
              "isHook": false,
              "skipped": false
            },
            {
              "title": "filters component should have required elements",
              "fullTitle": "Crew page filters component should have required elements",
              "timedOut": null,
              "duration": 856,
              "state": "passed",
              "speed": "slow",
              "pass": true,
              "fail": false,
              "pending": false,
              "context": null,
              "code": "_CrewPage.default.crewCard.container.then(function ($el) {\n  var cardsLength = $el.length;\n  _CrewPage.default.filters.container.should('be.visible');\n  _CrewPage.default.filters.nameInput.type('Test name').should('have.value', 'Test name');\n  _CrewPage.default.filters.cityInput.type('Test city').should('have.value', 'Test city');\n  _CrewPage.default.filters.submit();\n  _CrewPage.default.crewCard.container.should('have.length.lessThan', cardsLength);\n  _CrewPage.default.filters.clear();\n  _CrewPage.default.crewCard.container.should('have.length', cardsLength);\n});",
              "err": {},
              "uuid": "8d9eed47-d4fa-4fcf-a481-62cd28f5560d",
              "parentUUID": "81c372be-46cd-4db9-8f51-c35ec586afea",
              "isHook": false,
              "skipped": false
            }
          ],
          "suites": [],
          "passes": [
            "eee75034-6840-47ed-b23d-3e93b16e3438",
            "7f8642c2-a8ef-4e92-896a-12dff5f94b70",
            "e0086f56-354d-4817-8eec-6eef3064493d",
            "8d9eed47-d4fa-4fcf-a481-62cd28f5560d"
          ],
          "failures": [],
          "pending": [],
          "skipped": [],
          "duration": 2483,
          "root": false,
          "rootEmpty": false,
          "_timeout": 2000
        }
      ],
      "passes": [],
      "failures": [],
      "pending": [],
      "skipped": [],
      "duration": 0,
      "root": true,
      "rootEmpty": true,
      "_timeout": 2000
    }
  ],
  "meta": {
    "mocha": {
      "version": "5.2.0"
    },
    "mochawesome": {
      "options": {
        "quiet": false,
        "reportFilename": "mochawesome",
        "saveHtml": false,
        "saveJson": true,
        "consoleReporter": "spec",
        "useInlineDiffs": false
      },
      "version": "4.1.0"
    },
    "marge": {
      "options": {
        "reportDir": "cypress/mochawesome-report",
        "overwrite": false,
        "html": false,
        "json": true
      },
      "version": "4.0.1"
    }
  }
}